2024-08-30T06:54:14.336Z - Server running at http://localhost:3000
2024-08-30T06:54:19.550Z - Database connected!
2024-08-30T06:54:22.249Z - Email sent successfully.
2024-08-30T06:54:22.571Z - Formatted Average Results:
2024-08-30T06:54:22.660Z - Formatted Detailed Results:
2024-08-30T06:54:22.869Z - Humidity Data:
2024-08-30T06:54:22.872Z - Temperature Data:
2024-08-30T06:54:22.876Z - Labels:
2024-08-30T06:57:31.449Z - Server running at http://localhost:3000
2024-08-30T06:57:31.469Z - Database connected!
2024-08-30T06:58:26.315Z - Email sent successfully.
2024-08-30T06:58:26.369Z - Formatted Average Results:
2024-08-30T06:58:26.406Z - Formatted Detailed Results:
2024-08-30T06:58:26.516Z - Humidity Data:
2024-08-30T06:58:26.519Z - Temperature Data:
2024-08-30T06:58:26.522Z - Labels:
2024-08-30T06:58:41.886Z - Email sent: 250 2.0.0 OK  1725001121 d2e1a72fcca58-715e569e746sm2189586b3a.97 - gsmtp
2024-08-31T01:43:30.149Z - Server running at http://localhost:3000
2024-08-31T01:43:43.443Z - Server running at http://localhost:3000
2024-08-31T01:43:43.468Z - Database connected!
2024-08-31T01:44:32.838Z - Server running at http://localhost:3000
2024-08-31T01:44:32.856Z - Database connected!
2024-08-31T01:45:00.140Z - Formatted Average Results:
2024-08-31T01:45:00.157Z - Formatted Detailed Results:
2024-08-31T01:45:00.295Z - Humidity Data:
2024-08-31T01:45:00.297Z - Temperature Data:
2024-08-31T01:45:00.299Z - Labels:
2024-08-31T01:47:04.031Z - Server running at http://localhost:3000
2024-08-31T01:47:04.048Z - Database connected!
2024-08-31T01:47:12.627Z - Server running at http://localhost:3000
2024-08-31T01:47:12.646Z - Database connected!
2024-08-31T01:50:27.802Z - Scheduled job for August 31st 2024, 9:51:59 am
2024-08-31T01:50:27.809Z - Server running at http://localhost:3000
2024-08-31T01:50:27.827Z - Database connected!
2024-08-31T01:52:00.010Z - Email sent successfully for August 2024
2024-08-31T01:52:00.059Z - Formatted Average Results:
2024-08-31T01:52:00.085Z - Formatted Detailed Results:
2024-08-31T01:52:00.175Z - Humidity Data:
2024-08-31T01:52:00.177Z - Temperature Data:
2024-08-31T01:52:00.179Z - Labels:
2024-08-31T01:52:08.085Z - Email sent: 250 2.0.0 OK  1725072663 d2e1a72fcca58-715e56d9716sm3515200b3a.174 - gsmtp
2024-08-31T01:52:30.758Z - Scheduled job for August 31st 2024, 11:00:59 pm
2024-08-31T01:52:30.764Z - Server running at http://localhost:3000
2024-08-31T01:52:30.782Z - Database connected!
2024-08-31T02:02:09.699Z - Scheduled job for August 31st 2024, 11:00:59 pm
2024-08-31T02:02:09.706Z - Server running at http://localhost:3000
2024-08-31T02:02:09.723Z - Database connected!
2024-08-31T02:15:25.875Z - Scheduled job for August 31st 2024, 11:00:59 pm
2024-08-31T02:15:25.881Z - Server running at http://localhost:3000
2024-08-31T02:15:25.898Z - Database connected!
2024-08-31T02:16:25.480Z - Scheduled job for August 31st 2024, 11:00:59 pm
2024-08-31T02:16:25.487Z - Server running at http://localhost:3000
2024-08-31T02:16:25.504Z - Database connected!
2024-08-31T02:16:40.967Z - Scheduled job for August 31st 2024, 11:00:59 pm
2024-08-31T02:16:40.973Z - Server running at http://localhost:3000
2024-08-31T02:16:40.990Z - Database connected!
2024-08-31T02:17:52.849Z - Scheduled job for August 31st 2024, 11:00:59 pm
2024-08-31T02:17:52.856Z - Server running at http://localhost:3000
2024-08-31T02:17:52.875Z - Database connected!
2024-08-31T02:20:23.399Z - Email sent successfully.
2024-08-31T02:20:23.439Z - Formatted Average Results:
2024-08-31T02:20:23.460Z - Formatted Detailed Results:
2024-08-31T02:20:23.496Z - Humidity Data:
2024-08-31T02:20:23.498Z - Temperature Data:
2024-08-31T02:20:23.500Z - Labels:
2024-08-31T02:20:33.976Z - Email sent: 250 2.0.0 OK  1725074368 d9443c01a7336-205152d04dcsm33218895ad.112 - gsmtp
2024-08-31T02:28:37.411Z - Scheduled job for August 31st 2024, 11:00:59 pm
2024-08-31T02:28:37.418Z - Server running at http://localhost:3000
2024-08-31T02:28:37.762Z - Database connected!
2024-08-31T02:30:40.453Z - Scheduled job for August 31st 2024, 11:00:59 pm
2024-08-31T02:30:40.460Z - Server running at http://localhost:3000
2024-08-31T02:30:40.480Z - Database connected!
